populations v2.59, executed 2022-02-10 10:14:49 (zlib-1.2.11)
populations -P gstacks2 -M pop_map -r 0.65 --vcf --genepop --fstats --smooth --hwe -t 8
Locus/sample distributions will be written to 'gstacks2/populations.log.distribs'.
populations parameters selected:
  Percent samples limit per population: 0.65
  Locus Population limit: 1
  Percent samples overall: 0
  Minor allele frequency cutoff: 0
  Maximum observed heterozygosity cutoff: 1
  Applying Fst correction: none.
  Pi/Fis kernel smoothing: on
  Fstats kernel smoothing: on
  Bootstrap resampling: off

Parsing population map...
The population map contained 43 samples, 6 population(s), 2 group(s).
Working on 43 samples.
Working on 6 population(s):
    AI: AI3, AI4, AI5, AI6, AI7, AI8
    FMC: FMC2, FMC3, FMC4, FMC5, FMC6, FMC7, FMC8
    HI: HI1, HI2, HI3, HI4, HI5, HI6, HI7, HI8
    PI: PI1, PI2, PI3, PI4, PI5, PI6, PI7, PI8
    SC: SC1, SC2, SC3, SC4, SC5, SC6, SC7, SC8
    SH: SH1, SH2, SH3, SH4, SH5, SH6
Working on 2 group(s) of populations:
    SOUTH: AI, HI, PI
    NORTH: FMC, SC, SH

SNPs and calls will be written in VCF format to 'gstacks2/populations.snps.vcf'
Haplotypes will be written in VCF format to 'gstacks2/populations.haps.vcf'
Polymorphic sites in GenePop format will be written to 'gstacks2/populations.snps.genepop'
Polymorphic loci in GenePop format will be written to 'gstacks2/populations.haps.genepop'
Raw haplotypes will be written to 'gstacks2/populations.haplotypes.tsv'
Population-level summary statistics will be written to 'gstacks2/populations.sumstats.tsv'
Population-level haplotype summary statistics will be written to 'gstacks2/populations.hapstats.tsv'

Processing data in batches:
  * load a batch of catalog loci and apply filters
  * compute SNP- and haplotype-wise per-population statistics
  * compute SNP- and haplotype-wise deviation from HWE
  * compute F-statistics
  * smooth per-population statistics
  * smooth F-statistics
  * write the above statistics in the output files
  * export the genotypes/haplotypes in specified format(s)
More details in 'gstacks2/populations.log.distribs'.
Now processing...
scaffold3 
scaffold6 
scaffold9 
scaffold11 
scaffold14 
scaffold22 
scaffold29 
scaffold32 
scaffold35 
scaffold36 
scaffold39 
scaffold43 
scaffold47 
scaffold48 
scaffold51 
scaffold53 
scaffold55 
scaffold56 
scaffold57 
scaffold60 
scaffold62 
scaffold66 
scaffold68 
scaffold69 
scaffold71 
scaffold74 
scaffold75 
scaffold76 
scaffold77 
scaffold78 
scaffold79 
scaffold80 
scaffold81 
scaffold83 
scaffold84 
scaffold85 
scaffold86 
scaffold87 
scaffold88 
scaffold89 
scaffold91 
scaffold93 
scaffold94 
scaffold95 
scaffold96 
scaffold98 
scaffold102 
scaffold103 
scaffold106 
scaffold107 
scaffold109 
scaffold111 
scaffold112 
scaffold113 
scaffold114 
scaffold115 
scaffold116 
scaffold117 
scaffold120 
scaffold122 
scaffold123 
scaffold125 
scaffold126 
scaffold127 
scaffold130 
scaffold132 
scaffold134 
scaffold136 
scaffold138 
scaffold139 
scaffold140 
scaffold142 
scaffold143 
scaffold146 
scaffold147 
scaffold150 
scaffold151 
scaffold152 
scaffold153 
scaffold154 
scaffold155 
scaffold156 
scaffold157 
scaffold158 
scaffold159 
scaffold160 
scaffold161 
scaffold162 
scaffold163 
scaffold164 
scaffold167 
scaffold168 
scaffold169 
scaffold170 
scaffold171 
scaffold172 
scaffold173 
scaffold174 
scaffold175 
scaffold176 
scaffold177 
scaffold178 
scaffold180 
scaffold181 
scaffold182 
scaffold183 
scaffold184 
scaffold186 
scaffold187 
scaffold188 
scaffold189 
scaffold191 
scaffold193 
scaffold195 
scaffold198 
scaffold199 
scaffold200 
scaffold201 
scaffold202 
scaffold204 
scaffold207 
scaffold209 
scaffold210 
scaffold211 
scaffold212 
scaffold213 
scaffold214 
scaffold215 
scaffold216 
scaffold217 
scaffold218 
scaffold219 
scaffold221 
scaffold222 
scaffold223 
scaffold224 
scaffold226 
scaffold227 
scaffold228 
scaffold230 
scaffold231 
scaffold232 
scaffold233 
scaffold234 
scaffold235 
scaffold236 
scaffold237 
scaffold239 
scaffold240 
scaffold241 
scaffold242 
scaffold243 
scaffold244 
scaffold245 
scaffold247 
scaffold248 
scaffold249 
scaffold250 
scaffold251 
scaffold252 
scaffold253 
scaffold254 
scaffold255 
scaffold256 
scaffold257 
scaffold258 
scaffold260 
scaffold261 
scaffold263 
scaffold264 
scaffold265 
scaffold266 
scaffold267 
scaffold268 
scaffold269 
scaffold271 
scaffold272 
scaffold273 
scaffold274 
scaffold275 
scaffold276 
scaffold277 
scaffold278 
scaffold279 
scaffold280 
scaffold281 
scaffold282 
scaffold283 
scaffold284 
scaffold285 
scaffold286 
scaffold287 
scaffold288 
scaffold289 
scaffold290 
scaffold291 
scaffold292 
scaffold293 
scaffold294 
scaffold295 
scaffold296 
scaffold297 
scaffold298 
scaffold299 
scaffold300 
scaffold301 
scaffold302 
scaffold304 
scaffold305 
scaffold306 
C589 
C751 
C819 
C831 
C875 
C1035 
C1069 
C1071 
C1183 
C1229 
C1281 
C1297 
C1343 
C1381 
C1413 
C1433 
C1441 
C1463 
C1473 
C1523 
C1533 
C1593 
C1613 
C1629 
C1669 
C1675 
C1693 
C1695 
C1701 
C1717 
C1763 
C1773 
C1787 
C1795 
C1797 
C1809 
C1823 
C1839 
C1875 
C1885 
C1945 
C1959 
C1981 
C1989 
C2003 
C2015 
C2023 
C2037 
C2049 
C2071 
C2079 
C2119 
C2121 
C2129 
C2155 
C2173 
C2193 
C2201 
C2249 
C2265 
C2295 
C2299 
C2333 
C2357 
C2369 
C2377 
C2379 
C2393 
C2397 
C2405 
C2407 
C2425 
C2431 
C2443 
C2485 
C2487 
C2531 
C2555 
C2583 
C2599 
C2609 
C2653 
C2661 
C2665 
C2673 
C2677 
C2679 
C2691 
C2703 
C2721 
C2743 
C2745 
C2753 
C2769 
C2771 
C2781 
C2797 
C2809 
C2819 
C2827 
C2831 
C2855 
C2881 
C2921 
C2929 
C2931 
C2935 
C2939 
C2953 
C2957 
C2963 
C2965 
C2969 
C2971 
C2987 
C2999 
C3017 
C3027 
C3047 
C3057 
C3063 
C3079 
C3083 
C3091 
C3107 
C3113 
C3117 
C3129 
C3135 
C3147 
C3155 
C3183 
C3197 
C3205 
C3215 
C3221 
C3233 
C3243 
C3249 
C3265 
C3267 
C3271 
C3275 
C3317 
C3323 
C3339 
C3347 
C3353 
C3365 
C3379 
C3381 
C3383 
C3393 
C3399 
C3401 
C3407 
C3411 
C3415 
C3419 
C3423 
C3427 
C3439 
C3441 
C3467 
C3473 
C3487 
C3491 
C3501 
C3511 
C3523 
C3529 
C3531 
C3539 
C3545 
C3563 
C3569 
C3579 
C3581 
C3595 
C3599 
C3603 
C3609 
C3615 
C3621 
C3635 
C3639 
C3641 
C3655 
C3657 
C3663 
C3667 
C3679 
C3681 
C3683 
C3685 
C3695 
C3725 
C3731 
C3733 
C3737 
C3761 
C3763 
C3765 
C3769 
C3781 
C3787 
C3791 
C3799 
C3801 
C3803 
C3817 
C3821 
C3827 
C3831 
C3833 
C3835 
C3845 
C3849 
C3867 
C3881 
C3887 
C3895 
C3897 
C3901 
C3905 
C3907 
C3909 
C3915 
C3917 
C3929 
C3931 
C3949 
C3957 
C3963 
C3965 
C3969 
C3973 
C3975 
C3987 
C3997 
C4003 
C4019 
C4025 
C4035 
C4047 
C4053 
C4061 
C4063 
C4067 
C4069 
C4085 
C4091 
C4101 
C4111 
C4117 
C4123 
C4129 
C4153 
C4157 
C4161 
C4173 
C4177 
C4185 
C4197 
C4201 
C4209 
C4211 
C4229 
C4235 
C4243 
C4247 
C4255 
C4259 
C4265 
C4271 
C4281 
C4285 
C4287 
C4299 
C4309 
C4317 
C4329 
C4331 
C4333 
C4337 
C4343 
C4367 
C4369 
C4379 
C4385 
C4395 
C4401 
C4407 
C4413 
C4417 
C4421 
C4425 
C4429 
C4439 
C4443 
C4449 
C4459 
C4461 
C4465 
C4469 
C4471 
C4473 
C4477 
C4483 
C4489 
C4497 
C4501 
C4507 
C4513 
C4523 
C4529 
C4543 
C4551 
C4561 
C4563 
C4565 
C4573 
C4589 
C4593 
C4595 
C4599 
C4601 
C4613 
C4617 
C4627 
C4629 
C4631 
C4633 
C4641 
C4651 
C4653 
C4655 
C4661 
C4663 
C4671 
C4677 
C4681 
C4683 
C4689 
C4691 
C4693 
C4711 
C4715 
C4729 
C4731 
C4739 
C4743 
C4751 
C4755 
C4757 
C4761 
C4771 
C4777 
C4781 
C4783 
C4785 
C4803 
C4805 
C4809 
C4811 
C4817 
C4819 
C4821 
C4833 
C4839 
C4843 
C4865 
C4869 
C4871 
C4875 
C4877 
C4879 
C4881 
C4887 
C4889 
C4899 
C4905 
C4909 
C4915 
C4919 
C4923 
C4933 
C4937 
C4941 
C4943 
C4947 
C4949 
C4957 
C4963 
C4969 
C4975 
C4981 
C4991 
C4995 
C5001 
C5013 
C5021 
C5031 
C5033 
C5035 
C5041 
C5051 
C5055 
C5059 
C5061 
C5067 
C5071 
C5075 
C5077 
C5081 
C5089 
C5093 
C5097 
C5103 
C5121 
C5125 
C5127 
C5129 
C5135 
C5139 
C5145 
C5151 
C5153 
C5157 
C5173 
C5177 
C5179 
C5183 
C5185 
C5193 
C5195 
C5205 
C5207 
C5211 
C5221 
C5229 
C5231 
C5247 
C5253 
C5255 
C5259 
C5263 
C5267 
C5271 
C5281 
C5283 
C5287 
C5289 
C5293 
C5303 
C5305 
C5313 
C5315 
C5317 
C5321 
C5323 
C5325 
C5327 
C5329 
C5341 
C5343 
C5347 
C5351 
C5353 
C5357 
C5361 
C5363 
C5369 
C5377 
C5383 
C5385 
C5387 
C5391 
C5397 
C5403 
C5413 
C5415 
C5421 
C5431 
C5435 
C5441 
C5449 
C5455 
C5461 
C5471 
C5477 
C5479 
C5481 
C5485 
C5493 
C5495 
C5497 
C5503 
C5513 
C5521 
C5523 
C5525 
C5533 
C5543 
C5547 
C5557 
C5559 
C5565 
C5571 
C5581 
C5593 
C5595 
C5597 
C5599 
C5601 
C5603 
C5613 
C5617 
C5623 
C5629 
C5631 
C5639 
C5643 
C5647 
C5649 
C5659 
C5677 
C5679 
C5683 
C5685 
C5691 
C5699 
C5705 
C5707 
C5711 
C5715 
C5717 
C5721 
C5725 
C5729 
C5745 
C5749 
C5751 
C5755 
C5757 
C5769 
C5771 
C5775 
C5781 
C5787 
C5789 
C5793 
C5803 
C5805 
C5813 
C5815 
C5817 
C5825 
C5829 
C5831 
C5835 
C5837 
C5843 
C5853 
C5857 
C5861 
C5871 
C5877 
C5879 
C5885 
C5893 
C5897 
C5903 
C5909 
C5913 
C5915 
C5919 
C5927 
C5931 
C5941 
C5943 
C5945 
C5947 
C5949 
C5955 
C5961 
C5967 
C5969 
C5971 
C5979 
C5981 
C5987 
C5989 
C5993 
C5995 
C6003 
C6005 
C6011 
C6025 
C6033 
C6035 
C6043 
C6057 
C6063 
C6075 
C6083 
C6087 
C6089 
C6103 
C6105 
C6113 
C6115 
C6117 
C6123 
C6131 
C6137 
C6141 
C6143 
C6147 
C6149 
C6153 
C6159 
C6161 
C6163 
C6167 
C6173 
C6175 
C6177 
C6181 
C6185 
C6189 
C6191 
C6199 
C6201 
C6205 
C6207 
C6215 
C6219 
C6225 
C6229 
C6231 
C6237 
C6239 
C6243 
C6247 
C6249 
C6255 
C6259 
C6263 
C6265 
C6267 
C6269 
C6273 
C6283 
C6285 
C6291 
C6303 
C6305 
C6307 
C6309 
C6313 
C6321 
C6323 
C6325 
C6331 
C6335 
C6337 
C6341 
C6349 
C6353 
C6357 
C6359 
C6369 
C6377 
C6383 
C6391 
C6395 
C6399 
C6401 
C6407 
C6409 
C6411 
C6423 
C6425 
C6429 
C6437 
C6447 
C6449 
C6451 
C6455 
C6465 
C6475 
C6481 
C6487 
C6491 
C6493 
C6499 
C6505 
C6507 
C6511 
C6513 
C6519 
C6521 
C6527 
C6531 
C6535 
C6537 
C6539 
C6541 
C6547 
C6551 
C6553 
C6559 
C6563 
C6565 
C6567 
C6571 
C6575 
C6579 
C6585 
C6597 
C6601 
C6607 
C6611 
C6615 
C6617 
C6619 
C6629 
C6635 
C6639 
C6641 
C6643 
C6647 
C6651 
C6655 
C6657 
C6661 
C6667 
C6669 
C6677 
C6685 
C6695 
C6697 
C6699 
C6703 
C6705 
C6707 
C6719 
C6721 
C6723 
C6725 
C6727 
C6733 
C6737 
C6743 
C6745 
C6755 
C6759 
C6761 
C6763 
C6765 
C6771 
C6777 
C6779 
C6781 
C6783 
C6785 
C6787 
C6789 
C6795 
C6799 
C6807 
C6809 
C6815 
C6817 
C6819 
C6821 
C6823 
C6825 
C6827 
C6829 
C6831 
C6833 
C6835 
C6839 
C6841 
C6847 
C6851 
C6855 
C6857 
C6863 
C6867 
C6869 
C6871 
C6875 
C6877 
C6885 
C6889 
C6893 
C6899 
C6901 
C6905 
C6911 
C6913 
C6915 
C6921 
C6929 
C6931 
C6933 
C6941 
C6945 
C6947 
C6951 
C6959 
C6965 
C6967 
C6973 
C6977 
C6993 
C7001 
C7003 
C7005 
C7013 
C7017 
C7023 
C7029 
C7031 
C7033 
C7037 
C7043 
C7045 
C7049 
C7053 
C7057 
C7061 
C7063 
C7065 
C7073 
C7075 
C7083 
C7087 
C7091 
C7093 
C7097 
C7099 
C7103 
C7107 
C7115 
C7117 
C7119 
C7123 
C7125 
C7133 
C7135 
C7139 
C7149 
C7151 
C7159 
C7161 
C7163 
C7165 
C7167 
C7169 
C7171 
C7173 
C7175 
C7181 
C7187 
C7191 
C7195 
C7197 
C7199 
C7201 
C7203 
C7207 
C7209 
C7211 
C7213 
C7217 
C7225 
C7229 
C7235 
C7239 
C7241 
C7247 
C7255 
C7257 
C7259 
C7261 
C7263 
C7267 
C7271 
C7275 
C7277 
C7285 
C7287 
C7291 
C7299 
C7303 
C7305 
C7313 
C7315 
C7319 
C7321 
C7323 
C7325 
C7327 
C7331 
C7333 
C7343 
C7347 
C7353 
C7355 
C7357 
C7361 
C7363 
C7365 
C7369 
C7371 
C7381 
C7383 
C7389 
C7393 
C7397 
C7399 
C7401 
C7407 
C7413 
C7415 
C7419 
C7425 
C7427 
C7429 
C7431 
C7439 
C7443 
C7451 
C7453 
C7457 
C7461 
C7463 
C7471 
C7475 
C7477 
C7479 
C7481 
C7487 
C7489 
C7495 
C7497 
C7503 
C7509 
C7519 
C7523 
C7527 
C7535 
C7537 
C7539 
C7541 
C7543 
C7551 
C7557 
C7559 
C7561 
C7567 
C7575 
C7577 
C7579 
C7581 
C7585 
C7587 
C7591 
C7599 
C7603 
C7605 
C7607 
C7609 
C7615 
C7619 
C7621 
C7625 
C7627 
C7631 
C7635 
C7637 
C7639 
C7641 
C7643 
C7645 
C7647 
C7649 
C7651 
C7655 
C7657 
C7659 
C7669 
C7671 
C7673 
C7679 
C7687 
C7689 
C7693 
C7697 
C7699 
C7703 
C7707 
C7709 
C7711 
C7713 
C7715 
C7717 
C7721 
C7723 
C7725 
C7729 
C7733 
C7737 
C7739 
C7741 
C7743 
C7747 
C7749 
C7751 
C7753 
C7757 
C7759 
C7767 
C7773 
C7775 
C7777 
C7779 
C7783 
C7787 
C7789 
C7797 
C7799 
C7805 
C7807 
C7817 
C7819 
C7821 
C7823 
C7827 
C7837 
C7839 
C7841 
C7847 
C7849 
C7855 
C7859 
C7861 
C7865 
C7869 
C7877 
C7879 
C7883 
C7885 
C7887 
C7889 
C7891 
C7897 
C7899 
C7901 
C7903 
C7911 
C7913 
C7915 
C7917 
C7919 
C7921 
C7929 
C7931 
C7933 
C7935 
C7937 
C7939 
C7943 
C7945 
C7947 
C7959 
C7963 
C7971 
C7973 
C7975 
C7977 
C7983 
C7987 
C7991 
C7997 
C8005 
C8007 
C8011 
C8013 
C8021 
C8023 
C8025 
C8027 
C8029 
C8035 
C8037 
C8039 
C8043 
C8049 
C8051 
C8053 
C8061 
C8065 
C8069 
C8071 
C8073 
C8075 
C8077 
C8081 
C8083 
C8085 
C8093 
C8095 
C8097 
C8099 
C8105 
C8107 
C8109 
C8111 
C8113 
C8117 
C8123 
C8131 
C8133 
C8135 
C8137 
C8139 
C8141 
C8143 
C8147 
C8149 
C8151 
C8157 
C8161 
C8165 
C8167 
C8169 
C8171 
C8173 
C8175 
C8177 
C8179 
C8183 
C8185 
C8187 
C8193 
C8195 
C8197 
C8199 
C8201 
C8203 
C8205 
C8207 
C8209 
C8211 
C8213 
C8217 
C8219 
C8221 
C8225 
C8227 
C8229 
C8233 
C8235 
C8237 
C8239 
C8243 
C8249 
C8255 
C8257 
C8261 
C8265 
C8267 
C8271 
C8275 
C8279 
C8283 
C8287 
C8289 
C8295 
C8297 
C8299 
C8307 
C8309 
C8311 
C8317 
C8321 
C8325 
C8327 
C8329 
C8331 
C8333 
C8335 
C8337 
C8341 
C8343 
C8345 
C8347 
C8351 
C8353 
C8355 
C8357 
C8363 
C8365 
C8367 
C8369 
C8371 
C8373 
C8375 
C8377 
C8379 
C8381 
C8383 
C8385 
C8387 
C8389 
C8393 
C8395 
C8399 
C8401 
C8403 
C8405 
C8415 
C8417 
C8421 
C8423 
C8429 
C8431 
C8433 
C8437 
C8439 
C8441 
C8443 
C8445 
C8447 
C8457 
C8459 
C8463 
C8465 
C8467 
C8473 
C8475 
C8477 
C8479 
C8481 
C8483 
C8485 
C8493 
C8495 
C8497 
C8499 
C8501 
C8503 
C8509 
C8511 
C8513 
C8515 
C8517 
C8521 
C8523 
C8525 
C8527 
C8529 
C8531 
C8535 
C8537 
C8543 
C8545 
C8547 
C8549 
C8551 
C8553 
C8555 
C8559 
C8561 
C8565 
C8569 
C8575 
C8577 
C8579 
C8587 
C8589 
C8593 
C8597 
C8599 
C8603 
C8607 
C8609 
C8611 
C8613 
C8615 
C8623 
C8625 
C8627 
C8629 
C8633 
C8635 
C8637 
C8639 
C8643 
C8647 
C8651 
C8653 
C8655 
C8657 
C8661 
C8667 
C8669 
C8671 
C8673 
C8675 
C8677 
C8679 
C8683 
C8685 
C8687 
C8691 
C8695 
C8697 
C8699 
C8701 
C8705 
C8707 
C8709 
C8711 
C8715 
C8717 
C8719 
C8723 
C8725 
C8729 
C8731 
C8733 
C8735 
C8737 
C8743 
C8749 
C8751 
C8755 
C8761 
C8763 
C8765 
C8771 
C8777 
C8779 
C8781 
C8785 
C8787 
C8789 
C8797 
C8801 
C8803 
C8807 
C8811 
C8817 
C8819 
C8823 
C8825 
C8827 
C8829 
C8835 
C8837 
C8841 
C8843 
C8847 
C8849 
C8851 
C8853 
C8855 
C8857 
C8859 
C8863 
C8865 
C8871 
C8875 
C8879 
C8887 
C8889 
C8893 
C8895 
C8897 
C8899 
C8901 
C8903 
C8905 
C8909 
C8911 
C8915 
C8917 
C8919 
C8921 
C8925 
C8927 
C8931 
C8933 
C8939 
C8945 
C8955 
C8959 
C8963 
C8965 
C8971 
C8973 
C8977 
C8983 
C8987 
C8991 
C8993 
C8995 
C8999 
C9001 
C9003 
C9005 
C9007 
C9009 
C9011 
C9013 
C9019 
C9021 
C9027 
C9029 
C9031 
C9033 
C9035 
C9037 
C9041 
C9043 
C9045 
C9047 
C9049 
C9053 
C9055 
C9057 
C9059 
C9061 
C9063 
C9065 
C9067 
C9069 
C9075 
C9079 
C9081 
C9085 
C9087 
C9089 
C9093 
C9095 
C9097 
C9099 
C9101 
C9105 
C9107 
C9109 
C9111 
C9113 
C9115 
C9117 
C9123 
C9127 
C9129 
C9131 
C9135 
C9139 
C9141 
C9143 
C9145 
C9149 
C9151 
C9157 
C9163 
C9165 
C9169 
C9171 
C9173 
C9175 
C9181 
C9183 
C9187 
C9189 
C9191 
C9193 
C9197 
C9199 
C9201 
C9205 
C9207 
C9209 
C9211 
C9213 
C9215 
C9217 
C9219 
C9223 
C9227 
C9231 
C9233 
C9235 
C9237 
C9239 
C9245 
C9249 
C9251 
C9253 
C9255 
C9259 
C9263 
C9267 
C9269 
C9271 
C9273 
C9275 
C9279 
C9281 
C9283 
C9285 
C9287 
C9289 
C9291 
C9293 
C9297 
C9303 
C9305 
C9307 
C9309 
C9311 
C9315 
C9317 
C9319 
C9321 
C9323 
C9325 
C9327 
C9329 
C9335 
C9337 
C9339 
C9341 
C9343 
C9345 
C9347 
C9349 
C9351 
C9355 
C9357 
C9359 
C9361 
C9363 
C9367 
C9371 
C9373 
C9375 
C9377 
C9381 
C9383 
C9385 
C9387 
C9391 
C9393 
C9395 
C9397 
C9399 
C9401 
C9405 
C9409 
C9411 
C9413 
C9415 
C9417 
C9419 
C9421 
C9423 
C9425 
C9429 
C9431 
C9433 
C9437 
C9439 
C9443 
C9445 
C9447 
C9449 
C9451 
C9453 
C9455 
C9459 
C9461 
C9463 
C9465 
C9467 
C9473 
C9477 
C9481 
C9485 
C9487 
C9489 
C9491 
C9499 
C9501 
C9507 
C9509 
C9517 
C9519 
C9523 
C9525 
C9527 
C9529 
C9535 
C9537 
C9539 
C9545 
C9549 
C9553 
C9555 
C9557 
C9559 
C9561 
C9563 
C9565 
C9567 
C9569 
C9571 
C9573 
C9575 
C9577 
C9579 
C9581 
C9587 
C9589 
C9593 
C9595 
C9597 
C9599 
C9601 
C9603 
C9605 
C9607 
C9609 
C9611 
C9613 
C9615 
C9617 
C9619 
C9623 
C9625 
C9627 
C9631 
C9635 
C9639 
C9641 
C9645 
C9649 
C9651 
C9653 
C9655 
C9659 
C9661 
C9663 
C9665 
C9667 
C9669 
C9671 
C9673 
C9675 
C9677 
C9679 
C9681 
C9685 
C9691 
C9693 
C9695 
C9699 
C9701 
C9703 
C9705 
C9707 
C9709 
C9711 
C9713 
C9715 
C9717 
C9719 
C9723 
C9725 
C9727 
C9729 
C9731 
C9733 
C9737 
C9739 
C9741 
C9745 
C9747 
C9749 
C9751 
C9753 
C9755 
C9761 
C9765 
C9767 
C9769 
C9771 
C9773 
C9775 
C9777 
C9779 
C9781 
C9785 
C9787 
C9789 
C9797 
C9799 
C9801 
C9803 
C9805 
C9809 
C9811 
C9815 
C9817 
C9819 
C9823 
C9825 
C9827 
C9831 
C9833 
C9835 
C9837 
C9839 
C9841 
C9845 
C9847 
C9849 
C9851 
C9853 
C9855 
C9857 
C9859 
C9861 
C9863 
C9865 
C9867 
C9869 
C9873 
C9875 
C9879 
C9881 
C9895 
C9897 
C9899 
C9901 
C9909 
C9913 
C9915 
C9917 
C9919 
C9923 
C9925 
C9929 
C9931 
C9933 
C9935 
C9937 
C9939 
C9941 
C9943 
C9945 
C9947 
C9951 
C9953 
C9955 
C9957 
C9959 
C9961 
C9963 
C9965 
C9969 
C9971 
C9973 
C9975 
C9979 
C9981 
C9985 
C9991 
C9999 
C10005 
C10007 
C10009 
C10013 
C10015 
C10017 
C10021 
C10023 
C10025 
C10027 
C10029 
C10033 
C10035 
C10037 
C10041 
C10045 
C10051 
C10053 
C10055 
C10057 
C10059 
C10061 
C10065 
C10069 
C10071 
C10073 
C10075 
C10077 
C10079 
C10083 
C10085 
C10087 
C10091 
C10093 
C10099 
C10101 
C10105 
C10107 
C10109 
C10115 
C10117 
C10119 
C10121 
C10127 
C10129 
C10131 
C10137 
C10139 
C10145 
C10147 
C10151 

Removed 25738 loci that did not pass sample/population constraints from 38339 loci.
Kept 12601 loci, composed of 1758007 sites; 7994 of those sites were filtered, 21163 variant sites remained.
    1644351 genomic sites, of which 104545 were covered by multiple loci (6.4%).
Mean genotyped sites per locus: 139.23bp (stderr 0.06).

Population summary statistics (more detail in populations.sumstats_summary.tsv):
  AI: 5.4821 samples per locus; pi: 0.164; all/variant/polymorphic sites: 1642882/18331/8108; private alleles: 1828
  FMC: 6.5068 samples per locus; pi: 0.14921; all/variant/polymorphic sites: 1434214/16234/6973; private alleles: 1695
  HI: 7.5216 samples per locus; pi: 0.13142; all/variant/polymorphic sites: 1423571/15965/6413; private alleles: 1611
  PI: 7.5286 samples per locus; pi: 0.13763; all/variant/polymorphic sites: 1425183/16059/7054; private alleles: 1788
  SC: 7.4405 samples per locus; pi: 0.13513; all/variant/polymorphic sites: 1377554/15378/6070; private alleles: 1324
  SH: 5.2587 samples per locus; pi: 0.14318; all/variant/polymorphic sites: 1214576/13735/4887; private alleles: 979

Number of variable sites found to be significantly out of Hardy-Weinberg equilibrium (<0.05):
  AI: 51
  FMC: 782
  HI: 1032
  PI: 1092
  SC: 1114
  SH: 31
Number of loci found to be significantly out of Hardy-Weinberg equilibrium (<0.05):
  AI: 4208
  FMC: 3725
  HI: 4065
  PI: 3702
  SC: 3919
  SH: 3448
(more detail in populations.sumstats.tsv and populations.hapstats.tsv)

Population pair divergence statistics (more in populations.fst_summary.tsv and populations.phistats_summary.tsv):
  AI-FMC: mean Fst: 0.10729; mean Phi_st: 0.14567; mean Fst': 0; mean Dxy: 0.0041663
  AI-HI: mean Fst: 0.065566; mean Phi_st: 0.075741; mean Fst': 0.047228; mean Dxy: 0.0039188
  AI-PI: mean Fst: 0.044086; mean Phi_st: 0.017576; mean Fst': 0.0032734; mean Dxy: 0.0037018
  AI-SC: mean Fst: 0.11526; mean Phi_st: 0.16926; mean Fst': 0; mean Dxy: 0.0041322
  AI-SH: mean Fst: 0.11487; mean Phi_st: 0.14704; mean Fst': 0; mean Dxy: 0.0040921
  FMC-HI: mean Fst: 0.10735; mean Phi_st: 0.1591; mean Fst': 0; mean Dxy: 0.0039546
  FMC-PI: mean Fst: 0.097999; mean Phi_st: 0.1383; mean Fst': 0; mean Dxy: 0.0037119
  FMC-SC: mean Fst: 0.042293; mean Phi_st: 0.022395; mean Fst': 0.0075418; mean Dxy: 0.0039758
  FMC-SH: mean Fst: 0.05234; mean Phi_st: 0.027424; mean Fst': 0.012538; mean Dxy: 0.0039216
  HI-PI: mean Fst: 0.048449; mean Phi_st: 0.043574; mean Fst': 0.027299; mean Dxy: 0.003382
  HI-SC: mean Fst: 0.11557; mean Phi_st: 0.17521; mean Fst': 0; mean Dxy: 0.0038253
  HI-SH: mean Fst: 0.11549; mean Phi_st: 0.16097; mean Fst': 0; mean Dxy: 0.0039201
  PI-SC: mean Fst: 0.10669; mean Phi_st: 0.155; mean Fst': 0; mean Dxy: 0.0036847
  PI-SH: mean Fst: 0.10272; mean Phi_st: 0.13672; mean Fst': 0; mean Dxy: 0.0035768
  SC-SH: mean Fst: 0.056718; mean Phi_st: 0.048832; mean Fst': 0.02667; mean Dxy: 0.0040127

Populations is done.
